<?xml version="1.0" encoding="UTF-8"?>
<testsuite xmlns:xsi="http://www.w3.org/2001/XMLSchema-instance" xsi:noNamespaceSchemaLocation="https://maven.apache.org/surefire/maven-surefire-plugin/xsd/surefire-test-report.xsd" name="testRunnerForGmail.TestRunnerForGmail" time="240.286" tests="21" errors="0" skipped="0" failures="0">
  <properties>
[...]
</properties>
  <testcase name="Launch Chrome browser and navigate to Gmail login URL" classname="Successful Gmail login with valid credentials and capture screenshot" time="63.765"/>
  <testcase name="User enters valid email as &quot;kirantest556@gmail.com&quot;" classname="Successful Gmail login with valid credentials and capture screenshot" time="2.601"/>
  <testcase name="User click on Next" classname="Successful Gmail login with valid credentials and capture screenshot" time="6.35"/>
  <testcase name="User enter valid password as &quot;Krutika@123&quot;" classname="Successful Gmail login with valid credentials and capture screenshot" time="3.913"/>
  <testcase name="User click on Next for login" classname="Successful Gmail login with valid credentials and capture screenshot" time="0.94"/>
  <testcase name="login should be successful alongwith it&apos;s verification message and page Title should be &quot;Gmail&quot;" classname="Successful Gmail login with valid credentials and capture screenshot" time="0.072"/>
  <testcase name="User click on Compose and maximize window" classname="Successful Gmail login with valid credentials and capture screenshot" time="76.397"/>
  <testcase name="User enters  recipient email id as &quot;kk1889908@gmail.com&quot; email id and write subject and message body" classname="Successful Gmail login with valid credentials and capture screenshot" time="11.704"/>
  <testcase name="User click on send" classname="Successful Gmail login with valid credentials and capture screenshot" time="0.868"/>
  <testcase name="User click on Sent items for confirmation and capture it&apos;s sccreenshot" classname="Successful Gmail login with valid credentials and capture screenshot" time="16.791"/>
  <testcase name="User click on Sign out" classname="Successful Gmail login with valid credentials and capture screenshot" time="3.063"/>
  <testcase name="close the browser" classname="Successful Gmail login with valid credentials and capture screenshot" time="1.946"/>
  <testcase name="Successful Gmail login with valid credentials and capture screenshot" classname="Successful Gmail login with valid credentials and capture screenshot" time="1.988"/>
  <testcase name="Launch Chrome browser and navigate to Gmail login URL" classname="Gmail login failed with invalid credentials and capture screenshot" time="19.643"/>
  <testcase name="User enters correct email as &quot;kk1889908@gmail.com&quot;" classname="Gmail login failed with invalid credentials and capture screenshot" time="1.648"/>
  <testcase name="User click on Next Button to procced further" classname="Gmail login failed with invalid credentials and capture screenshot" time="1.514"/>
  <testcase name="User enter incorrect password as &quot;Test@123&quot;" classname="Gmail login failed with invalid credentials and capture screenshot" time="7.412"/>
  <testcase name="User click on Next Button" classname="Gmail login failed with invalid credentials and capture screenshot" time="1.108"/>
  <testcase name="login failed alongwith it&apos;s error message and capture screenshot" classname="Gmail login failed with invalid credentials and capture screenshot" time="2.269"/>
  <testcase name="close the browser after user enters invalid password" classname="Gmail login failed with invalid credentials and capture screenshot" time="0.681"/>
  <testcase name="Gmail login failed with invalid credentials and capture screenshot" classname="Gmail login failed with invalid credentials and capture screenshot" time="0.779"/>
</testsuite>